e:\!поит\2\first\яп\лабы\lplab14\lplab14\debug\vc142.pdb
e:\!поит\2\first\яп\лабы\lplab14\lplab14\debug\vc142.idb
e:\!поит\2\first\яп\лабы\lplab14\lplab14\debug\test.obj
e:\!поит\2\first\яп\лабы\lplab14\lplab14\debug\parm.obj
e:\!поит\2\first\яп\лабы\lplab14\lplab14\debug\out.obj
e:\!поит\2\first\яп\лабы\lplab14\lplab14\debug\lplab14.obj
e:\!поит\2\first\яп\лабы\lplab14\lplab14\debug\lplab13.obj
e:\!поит\2\first\яп\лабы\lplab14\lplab14\debug\log.obj
e:\!поит\2\first\яп\лабы\lplab14\lplab14\debug\in.obj
e:\!поит\2\first\яп\лабы\lplab14\lplab14\debug\fst.obj
e:\!поит\2\first\яп\лабы\lplab14\lplab14\debug\error.obj
e:\!поит\2\first\яп\лабы\lplab14\debug\lplab14.exe
e:\!поит\2\first\яп\лабы\lplab14\lplab14\debug\lplab14.ilk
e:\!поит\2\first\яп\лабы\lplab14\debug\lplab14.pdb
e:\!поит\2\first\яп\лабы\lplab14\lplab14\debug\lplab14.tlog\cl.command.1.tlog
e:\!поит\2\first\яп\лабы\lplab14\lplab14\debug\lplab14.tlog\cl.read.1.tlog
e:\!поит\2\first\яп\лабы\lplab14\lplab14\debug\lplab14.tlog\cl.write.1.tlog
e:\!поит\2\first\яп\лабы\lplab14\lplab14\debug\lplab14.tlog\link.command.1.tlog
e:\!поит\2\first\яп\лабы\lplab14\lplab14\debug\lplab14.tlog\link.read.1.tlog
e:\!поит\2\first\яп\лабы\lplab14\lplab14\debug\lplab14.tlog\link.write.1.tlog
